📚 Total questions: 689
✅ Already done: 4
❌ Previously failed: 6
🤖 Model: blackboxai/moonshotai/kimi-k2.6
🔗 URL: https://api.blackbox.ai/v1/chat/completions
--------------------------------------------------
⏳ Pending: 684

[1/684] Analyzing Q0004...
    ✅ Done

[2/684] Analyzing Q0005...
    ⚠️ Attempt 1/3: Expecting value: line 1 column 1 (char 0)
    Retrying in 1s...
    ⚠️ Attempt 2/3: Expecting value: line 1 column 1 (char 0)
    Retrying in 2s...
    ✅ Done

[3/684] Analyzing Q0006...
    ⚠️ Attempt 1/3: The read operation timed out
    Retrying in 1s...
    ✅ Done

[4/684] Analyzing Q0007...
    ⚠️ Attempt 1/3: The read operation timed out
    Retrying in 1s...
    ✅ Done

[5/684] Analyzing Q0009...
    ❌ FAILED: write() argument must be str, not None

[6/684] Analyzing Q0010...
    ⚠️ Attempt 1/3: The read operation timed out
    Retrying in 1s...
    ⚠️ Attempt 2/3: The read operation timed out
    Retrying in 2s...
    ✅ Done

[7/684] Analyzing Q0011...
    ✅ Done

[8/684] Analyzing Q0012...
    ✅ Done

[9/684] Analyzing Q0013...
    ✅ Done

[10/684] Analyzing Q0014...
    ✅ Done

[11/684] Analyzing Q0015...
    ⚠️ Attempt 1/3: The read operation timed out
    Retrying in 1s...
    ⚠️ Attempt 2/3: The read operation timed out
    Retrying in 2s...
    ✅ Done

[12/684] Analyzing Q0016...
    ⚠️ Attempt 1/3: The read operation timed out
    Retrying in 1s...
    ⚠️ Attempt 2/3: The read operation timed out
    Retrying in 2s...
    ⚠️ Attempt 3/3: The read operation timed out
    ❌ FAILED: The read operation timed out

[13/684] Analyzing Q0017...
    ✅ Done

[14/684] Analyzing Q0018...
    ⚠️ Attempt 1/3: The read operation timed out
    Retrying in 1s...
    ✅ Done

[15/684] Analyzing Q0019...
    ⚠️ Attempt 1/3: The read operation timed out
    Retrying in 1s...
    ✅ Done

[16/684] Analyzing Q002...
    ✅ Done

[17/684] Analyzing Q0020...
    ✅ Done

[18/684] Analyzing Q0021...
    ✅ Done

[19/684] Analyzing Q0022...
    ✅ Done

[20/684] Analyzing Q0023...
    ✅ Done

[21/684] Analyzing Q0024...
    ✅ Done

[22/684] Analyzing Q0025...
    ✅ Done

[23/684] Analyzing Q0026...
    ✅ Done

[24/684] Analyzing Q0027...
    ⚠️ Attempt 1/3: The read operation timed out
    Retrying in 1s...
    ⚠️ Attempt 2/3: The read operation timed out
    Retrying in 2s...
    ⚠️ Attempt 3/3: The read operation timed out
    ❌ FAILED: The read operation timed out

[25/684] Analyzing Q0028...
    ✅ Done

[26/684] Analyzing Q0029...
    ⚠️ Attempt 1/3: The read operation timed out
    Retrying in 1s...
    ✅ Done

[27/684] Analyzing Q003...
    ✅ Done

[28/684] Analyzing Q0030...
    ⚠️ Attempt 1/3: The read operation timed out
    Retrying in 1s...
    ⚠️ Attempt 2/3: The read operation timed out
    Retrying in 2s...
    ⚠️ Attempt 3/3: The read operation timed out
    ❌ FAILED: The read operation timed out

[29/684] Analyzing Q0031...
    ✅ Done

[30/684] Analyzing Q0032...
    ✅ Done

[31/684] Analyzing Q0033...
    ❌ FAILED: write() argument must be str, not None

[32/684] Analyzing Q0034...
    ⚠️ Attempt 1/3: The read operation timed out
    Retrying in 1s...
    ⚠️ Attempt 2/3: The read operation timed out
    Retrying in 2s...
    ⚠️ Attempt 3/3: The read operation timed out
    ❌ FAILED: The read operation timed out

[33/684] Analyzing Q0035...
    ⚠️ Attempt 1/3: The read operation timed out
    Retrying in 1s...
    ✅ Done

[34/684] Analyzing Q0036...
    ⚠️ Attempt 1/3: The read operation timed out
    Retrying in 1s...
    ❌ FAILED: write() argument must be str, not None

[35/684] Analyzing Q0037...
    ✅ Done

[36/684] Analyzing Q0038...
    ✅ Done

[37/684] Analyzing Q0039...
    ✅ Done

[38/684] Analyzing Q004...
    ⚠️ Attempt 1/3: The read operation timed out
    Retrying in 1s...
    ✅ Done

[39/684] Analyzing Q0040...
    ⚠️ Attempt 1/3: The read operation timed out
    Retrying in 1s...
    ✅ Done

[40/684] Analyzing Q0041...
    ✅ Done

[41/684] Analyzing Q0042...
    ✅ Done

[42/684] Analyzing Q0043...
    ✅ Done

[43/684] Analyzing Q0044...
    ✅ Done

[44/684] Analyzing Q0045...
    ✅ Done

[45/684] Analyzing Q0046...
    ⚠️ Attempt 1/3: The read operation timed out
    Retrying in 1s...
    ⚠️ Attempt 2/3: The read operation timed out
    Retrying in 2s...
    ⚠️ Attempt 3/3: The read operation timed out
    ❌ FAILED: The read operation timed out

[46/684] Analyzing Q0047...
    ✅ Done

[47/684] Analyzing Q0048...
    ⚠️ Attempt 1/3: The read operation timed out
    Retrying in 1s...
    ✅ Done

[48/684] Analyzing Q0049...
    ⚠️ Attempt 1/3: The read operation timed out
    Retrying in 1s...
    ⚠️ Attempt 2/3: The read operation timed out
    Retrying in 2s...
    ⚠️ Attempt 3/3: The read operation timed out
    ❌ FAILED: The read operation timed out

[49/684] Analyzing Q005...
    ⚠️ Attempt 1/3: The read operation timed out
    Retrying in 1s...
    ⚠️ Attempt 2/3: The read operation timed out
